2026/02/08 21:12:02 [notice] 1#1: using the "epoll" event method
2026/02/08 21:12:02 [notice] 1#1: nginx/1.29.5
2026/02/08 21:12:02 [notice] 1#1: built by gcc 14.2.0 (Debian 14.2.0-19) 
2026/02/08 21:12:02 [notice] 1#1: OS: Linux 6.17.10-100.fc41.x86_64
2026/02/08 21:12:02 [notice] 1#1: getrlimit(RLIMIT_NOFILE): 1024:524288
2026/02/08 21:12:02 [notice] 1#1: start worker processes
2026/02/08 21:12:02 [notice] 1#1: start worker process 20
2026/02/08 21:12:02 [notice] 1#1: start worker process 21
2026/02/08 21:12:02 [notice] 1#1: start worker process 22
2026/02/08 21:12:02 [notice] 1#1: start worker process 23
2026/02/08 21:12:02 [notice] 1#1: start worker process 24
2026/02/08 21:12:02 [notice] 1#1: start worker process 25
2026/02/08 21:12:02 [notice] 1#1: start worker process 26
2026/02/08 21:12:02 [notice] 1#1: start worker process 27
2026/02/08 21:12:02 [notice] 1#1: start worker process 28
2026/02/08 21:12:02 [notice] 1#1: start worker process 29
2026/02/08 21:12:02 [notice] 1#1: start worker process 30
2026/02/08 21:12:02 [notice] 1#1: start worker process 31
2026/02/08 21:12:02 [notice] 1#1: start worker process 32
2026/02/08 21:12:02 [notice] 1#1: start worker process 33
2026/02/08 21:12:02 [notice] 1#1: start worker process 34
2026/02/08 21:12:02 [notice] 1#1: start worker process 35
2026/02/08 21:12:36 [error] 20#20: *1 open() "/usr/share/nginx/html/default/favicon.ico" failed (2: No such file or directory), client: 172.21.0.1, server: thatwaseasy.masi, request: "GET /favicon.ico HTTP/1.1", host: "localhost", referrer: "http://localhost/"
2026/02/08 21:19:09 [error] 25#25: *3 open() "/usr/share/nginx/html/default/favicon.ico" failed (2: No such file or directory), client: 192.168.1.128, server: thatwaseasy.masi, request: "GET /favicon.ico HTTP/1.1", host: "192.168.1.56", referrer: "http://192.168.1.56/"
2026/02/08 21:20:37 [error] 23#23: *4 open() "/usr/share/nginx/html/default/favicon.ico" failed (2: No such file or directory), client: 192.168.1.128, server: thatwaseasy.masi, request: "GET /favicon.ico HTTP/1.1", host: "192.168.1.56", referrer: "http://192.168.1.56/"
2026/02/08 21:24:24 [notice] 1#1: signal 3 (SIGQUIT) received, shutting down
2026/02/08 21:24:24 [notice] 20#20: gracefully shutting down
2026/02/08 21:24:24 [notice] 24#24: gracefully shutting down
2026/02/08 21:24:24 [notice] 23#23: gracefully shutting down
2026/02/08 21:24:24 [notice] 25#25: gracefully shutting down
2026/02/08 21:24:24 [notice] 21#21: gracefully shutting down
2026/02/08 21:24:24 [notice] 22#22: gracefully shutting down
2026/02/08 21:24:24 [notice] 20#20: exiting
2026/02/08 21:24:24 [notice] 26#26: gracefully shutting down
2026/02/08 21:24:24 [notice] 24#24: exiting
2026/02/08 21:24:24 [notice] 23#23: exiting
2026/02/08 21:24:24 [notice] 29#29: gracefully shutting down
2026/02/08 21:24:24 [notice] 25#25: exiting
2026/02/08 21:24:24 [notice] 21#21: exiting
2026/02/08 21:24:24 [notice] 27#27: gracefully shutting down
2026/02/08 21:24:24 [notice] 34#34: gracefully shutting down
2026/02/08 21:24:24 [notice] 22#22: exiting
2026/02/08 21:24:24 [notice] 35#35: gracefully shutting down
2026/02/08 21:24:24 [notice] 26#26: exiting
2026/02/08 21:24:24 [notice] 29#29: exiting
2026/02/08 21:24:24 [notice] 28#28: gracefully shutting down
2026/02/08 21:24:24 [notice] 27#27: exiting
2026/02/08 21:24:24 [notice] 34#34: exiting
2026/02/08 21:24:24 [notice] 30#30: gracefully shutting down
2026/02/08 21:24:24 [notice] 25#25: exit
2026/02/08 21:24:24 [notice] 23#23: exit
2026/02/08 21:24:24 [notice] 20#20: exit
2026/02/08 21:24:24 [notice] 35#35: exiting
2026/02/08 21:24:24 [notice] 24#24: exit
2026/02/08 21:24:24 [notice] 28#28: exiting
2026/02/08 21:24:24 [notice] 30#30: exiting
2026/02/08 21:24:24 [notice] 29#29: exit
2026/02/08 21:24:24 [notice] 26#26: exit
2026/02/08 21:24:24 [notice] 34#34: exit
2026/02/08 21:24:24 [notice] 27#27: exit
2026/02/08 21:24:24 [notice] 21#21: exit
2026/02/08 21:24:24 [notice] 22#22: exit
2026/02/08 21:24:24 [notice] 35#35: exit
2026/02/08 21:24:24 [notice] 28#28: exit
2026/02/08 21:24:24 [notice] 30#30: exit
2026/02/08 21:24:24 [notice] 32#32: gracefully shutting down
2026/02/08 21:24:24 [notice] 33#33: gracefully shutting down
2026/02/08 21:24:24 [notice] 32#32: exiting
2026/02/08 21:24:24 [notice] 31#31: gracefully shutting down
2026/02/08 21:24:24 [notice] 33#33: exiting
2026/02/08 21:24:24 [notice] 32#32: exit
2026/02/08 21:24:24 [notice] 31#31: exiting
2026/02/08 21:24:24 [notice] 33#33: exit
2026/02/08 21:24:24 [notice] 31#31: exit
2026/02/08 21:24:24 [notice] 1#1: signal 17 (SIGCHLD) received from 24
2026/02/08 21:24:24 [notice] 1#1: worker process 21 exited with code 0
2026/02/08 21:24:24 [notice] 1#1: worker process 24 exited with code 0
2026/02/08 21:24:24 [notice] 1#1: signal 29 (SIGIO) received
2026/02/08 21:24:24 [notice] 1#1: signal 17 (SIGCHLD) received from 21
2026/02/08 21:24:24 [notice] 1#1: signal 17 (SIGCHLD) received from 23
2026/02/08 21:24:24 [notice] 1#1: worker process 23 exited with code 0
2026/02/08 21:24:24 [notice] 1#1: signal 29 (SIGIO) received
2026/02/08 21:24:24 [notice] 1#1: signal 17 (SIGCHLD) received from 30
2026/02/08 21:24:24 [notice] 1#1: worker process 26 exited with code 0
2026/02/08 21:24:24 [notice] 1#1: worker process 29 exited with code 0
2026/02/08 21:24:24 [notice] 1#1: worker process 30 exited with code 0
2026/02/08 21:24:24 [notice] 1#1: worker process 34 exited with code 0
2026/02/08 21:24:24 [notice] 1#1: signal 29 (SIGIO) received
2026/02/08 21:24:24 [notice] 1#1: signal 17 (SIGCHLD) received from 29
2026/02/08 21:24:24 [notice] 1#1: signal 17 (SIGCHLD) received from 31
2026/02/08 21:24:24 [notice] 1#1: worker process 31 exited with code 0
2026/02/08 21:24:24 [notice] 1#1: signal 29 (SIGIO) received
2026/02/08 21:24:24 [notice] 1#1: signal 17 (SIGCHLD) received from 20
2026/02/08 21:24:24 [notice] 1#1: worker process 20 exited with code 0
2026/02/08 21:24:24 [notice] 1#1: signal 29 (SIGIO) received
2026/02/08 21:24:24 [notice] 1#1: signal 17 (SIGCHLD) received from 32
2026/02/08 21:24:24 [notice] 1#1: worker process 28 exited with code 0
2026/02/08 21:24:24 [notice] 1#1: worker process 32 exited with code 0
2026/02/08 21:24:24 [notice] 1#1: signal 29 (SIGIO) received
2026/02/08 21:24:24 [notice] 1#1: signal 17 (SIGCHLD) received from 35
2026/02/08 21:24:24 [notice] 1#1: worker process 35 exited with code 0
2026/02/08 21:24:24 [notice] 1#1: signal 29 (SIGIO) received
2026/02/08 21:24:24 [notice] 1#1: signal 17 (SIGCHLD) received from 22
2026/02/08 21:24:24 [notice] 1#1: worker process 22 exited with code 0
2026/02/08 21:24:24 [notice] 1#1: signal 29 (SIGIO) received
2026/02/08 21:24:24 [notice] 1#1: signal 17 (SIGCHLD) received from 25
2026/02/08 21:24:24 [notice] 1#1: worker process 25 exited with code 0
2026/02/08 21:24:24 [notice] 1#1: signal 29 (SIGIO) received
2026/02/08 21:24:24 [notice] 1#1: signal 17 (SIGCHLD) received from 33
2026/02/08 21:24:24 [notice] 1#1: worker process 27 exited with code 0
2026/02/08 21:24:24 [notice] 1#1: worker process 33 exited with code 0
2026/02/08 21:24:24 [notice] 1#1: exit
2026/02/08 21:25:03 [notice] 1#1: using the "epoll" event method
2026/02/08 21:25:03 [notice] 1#1: nginx/1.29.5
2026/02/08 21:25:03 [notice] 1#1: built by gcc 14.2.0 (Debian 14.2.0-19) 
2026/02/08 21:25:03 [notice] 1#1: OS: Linux 6.17.10-100.fc41.x86_64
2026/02/08 21:25:03 [notice] 1#1: getrlimit(RLIMIT_NOFILE): 1024:524288
2026/02/08 21:25:03 [notice] 1#1: start worker processes
2026/02/08 21:25:03 [notice] 1#1: start worker process 20
2026/02/08 21:25:03 [notice] 1#1: start worker process 21
2026/02/08 21:25:03 [notice] 1#1: start worker process 22
2026/02/08 21:25:03 [notice] 1#1: start worker process 23
2026/02/08 21:25:03 [notice] 1#1: start worker process 24
2026/02/08 21:25:03 [notice] 1#1: start worker process 25
2026/02/08 21:25:03 [notice] 1#1: start worker process 26
2026/02/08 21:25:03 [notice] 1#1: start worker process 27
2026/02/08 21:25:03 [notice] 1#1: start worker process 28
2026/02/08 21:25:03 [notice] 1#1: start worker process 29
2026/02/08 21:25:03 [notice] 1#1: start worker process 30
2026/02/08 21:25:03 [notice] 1#1: start worker process 31
2026/02/08 21:25:03 [notice] 1#1: start worker process 32
2026/02/08 21:25:03 [notice] 1#1: start worker process 33
2026/02/08 21:25:03 [notice] 1#1: start worker process 34
2026/02/08 21:25:03 [notice] 1#1: start worker process 35
2026/02/08 21:25:19 [notice] 1#1: signal 3 (SIGQUIT) received, shutting down
2026/02/08 21:25:19 [notice] 20#20: gracefully shutting down
2026/02/08 21:25:19 [notice] 22#22: gracefully shutting down
2026/02/08 21:25:19 [notice] 24#24: gracefully shutting down
2026/02/08 21:25:19 [notice] 23#23: gracefully shutting down
2026/02/08 21:25:19 [notice] 21#21: gracefully shutting down
2026/02/08 21:25:19 [notice] 25#25: gracefully shutting down
2026/02/08 21:25:19 [notice] 20#20: exiting
2026/02/08 21:25:19 [notice] 22#22: exiting
2026/02/08 21:25:19 [notice] 24#24: exiting
2026/02/08 21:25:19 [notice] 23#23: exiting
2026/02/08 21:25:19 [notice] 21#21: exiting
2026/02/08 21:25:19 [notice] 25#25: exiting
2026/02/08 21:25:19 [notice] 28#28: gracefully shutting down
2026/02/08 21:25:19 [notice] 26#26: gracefully shutting down
2026/02/08 21:25:19 [notice] 33#33: gracefully shutting down
2026/02/08 21:25:19 [notice] 27#27: gracefully shutting down
2026/02/08 21:25:19 [notice] 28#28: exiting
2026/02/08 21:25:19 [notice] 26#26: exiting
2026/02/08 21:25:19 [notice] 22#22: exit
2026/02/08 21:25:19 [notice] 24#24: exit
2026/02/08 21:25:19 [notice] 23#23: exit
2026/02/08 21:25:19 [notice] 21#21: exit
2026/02/08 21:25:19 [notice] 20#20: exit
2026/02/08 21:25:19 [notice] 25#25: exit
2026/02/08 21:25:19 [notice] 33#33: exiting
2026/02/08 21:25:19 [notice] 27#27: exiting
2026/02/08 21:25:19 [notice] 26#26: exit
2026/02/08 21:25:19 [notice] 28#28: exit
2026/02/08 21:25:19 [notice] 27#27: exit
2026/02/08 21:25:19 [notice] 29#29: gracefully shutting down
2026/02/08 21:25:19 [notice] 33#33: exit
2026/02/08 21:25:19 [notice] 29#29: exiting
2026/02/08 21:25:19 [notice] 31#31: gracefully shutting down
2026/02/08 21:25:19 [notice] 29#29: exit
2026/02/08 21:25:19 [notice] 31#31: exiting
2026/02/08 21:25:19 [notice] 31#31: exit
2026/02/08 21:25:19 [notice] 34#34: gracefully shutting down
2026/02/08 21:25:19 [notice] 34#34: exiting
2026/02/08 21:25:19 [notice] 34#34: exit
2026/02/08 21:25:19 [notice] 32#32: gracefully shutting down
2026/02/08 21:25:19 [notice] 30#30: gracefully shutting down
2026/02/08 21:25:19 [notice] 35#35: gracefully shutting down
2026/02/08 21:25:19 [notice] 32#32: exiting
2026/02/08 21:25:19 [notice] 30#30: exiting
2026/02/08 21:25:19 [notice] 35#35: exiting
2026/02/08 21:25:19 [notice] 32#32: exit
2026/02/08 21:25:19 [notice] 30#30: exit
2026/02/08 21:25:19 [notice] 35#35: exit
2026/02/08 21:25:19 [notice] 1#1: signal 17 (SIGCHLD) received from 34
2026/02/08 21:25:19 [notice] 1#1: worker process 34 exited with code 0
2026/02/08 21:25:19 [notice] 1#1: signal 29 (SIGIO) received
2026/02/08 21:25:19 [notice] 1#1: signal 17 (SIGCHLD) received from 21
2026/02/08 21:25:19 [notice] 1#1: worker process 21 exited with code 0
2026/02/08 21:25:19 [notice] 1#1: worker process 23 exited with code 0
2026/02/08 21:25:19 [notice] 1#1: signal 29 (SIGIO) received
2026/02/08 21:25:19 [notice] 1#1: signal 17 (SIGCHLD) received from 23
2026/02/08 21:25:19 [notice] 1#1: worker process 24 exited with code 0
2026/02/08 21:25:19 [notice] 1#1: signal 29 (SIGIO) received
2026/02/08 21:25:19 [notice] 1#1: signal 17 (SIGCHLD) received from 25
2026/02/08 21:25:19 [notice] 1#1: worker process 22 exited with code 0
2026/02/08 21:25:19 [notice] 1#1: worker process 25 exited with code 0
2026/02/08 21:25:19 [notice] 1#1: worker process 26 exited with code 0
2026/02/08 21:25:19 [notice] 1#1: worker process 30 exited with code 0
2026/02/08 21:25:19 [notice] 1#1: worker process 35 exited with code 0
2026/02/08 21:25:19 [notice] 1#1: signal 29 (SIGIO) received
2026/02/08 21:25:19 [notice] 1#1: signal 17 (SIGCHLD) received from 35
2026/02/08 21:25:19 [notice] 1#1: signal 17 (SIGCHLD) received from 33
2026/02/08 21:25:19 [notice] 1#1: worker process 29 exited with code 0
2026/02/08 21:25:19 [notice] 1#1: worker process 33 exited with code 0
2026/02/08 21:25:19 [notice] 1#1: signal 29 (SIGIO) received
2026/02/08 21:25:19 [notice] 1#1: signal 17 (SIGCHLD) received from 32
2026/02/08 21:25:19 [notice] 1#1: worker process 32 exited with code 0
2026/02/08 21:25:19 [notice] 1#1: signal 29 (SIGIO) received
2026/02/08 21:25:19 [notice] 1#1: signal 17 (SIGCHLD) received from 20
2026/02/08 21:25:19 [notice] 1#1: worker process 20 exited with code 0
2026/02/08 21:25:19 [notice] 1#1: worker process 28 exited with code 0
2026/02/08 21:25:19 [notice] 1#1: worker process 31 exited with code 0
2026/02/08 21:25:19 [notice] 1#1: signal 29 (SIGIO) received
2026/02/08 21:25:19 [notice] 1#1: signal 17 (SIGCHLD) received from 28
2026/02/08 21:25:19 [notice] 1#1: signal 17 (SIGCHLD) received from 27
2026/02/08 21:25:19 [notice] 1#1: worker process 27 exited with code 0
2026/02/08 21:25:19 [notice] 1#1: exit
2026/02/08 21:25:50 [notice] 1#1: using the "epoll" event method
2026/02/08 21:25:50 [notice] 1#1: nginx/1.29.5
2026/02/08 21:25:50 [notice] 1#1: built by gcc 14.2.0 (Debian 14.2.0-19) 
2026/02/08 21:25:50 [notice] 1#1: OS: Linux 6.17.10-100.fc41.x86_64
2026/02/08 21:25:50 [notice] 1#1: getrlimit(RLIMIT_NOFILE): 1024:524288
2026/02/08 21:25:50 [notice] 1#1: start worker processes
2026/02/08 21:25:50 [notice] 1#1: start worker process 20
2026/02/08 21:25:50 [notice] 1#1: start worker process 21
2026/02/08 21:25:50 [notice] 1#1: start worker process 22
2026/02/08 21:25:50 [notice] 1#1: start worker process 23
2026/02/08 21:25:50 [notice] 1#1: start worker process 24
2026/02/08 21:25:50 [notice] 1#1: start worker process 25
2026/02/08 21:25:50 [notice] 1#1: start worker process 26
2026/02/08 21:25:50 [notice] 1#1: start worker process 27
2026/02/08 21:25:50 [notice] 1#1: start worker process 28
2026/02/08 21:25:50 [notice] 1#1: start worker process 29
2026/02/08 21:25:50 [notice] 1#1: start worker process 30
2026/02/08 21:25:50 [notice] 1#1: start worker process 31
2026/02/08 21:25:50 [notice] 1#1: start worker process 32
2026/02/08 21:25:50 [notice] 1#1: start worker process 33
2026/02/08 21:25:50 [notice] 1#1: start worker process 34
2026/02/08 21:25:50 [notice] 1#1: start worker process 35
2026/02/08 21:26:36 [notice] 1#1: signal 3 (SIGQUIT) received, shutting down
2026/02/08 21:26:36 [notice] 21#21: gracefully shutting down
2026/02/08 21:26:36 [notice] 22#22: gracefully shutting down
2026/02/08 21:26:36 [notice] 23#23: gracefully shutting down
2026/02/08 21:26:36 [notice] 25#25: gracefully shutting down
2026/02/08 21:26:36 [notice] 24#24: gracefully shutting down
2026/02/08 21:26:36 [notice] 21#21: exiting
2026/02/08 21:26:36 [notice] 29#29: gracefully shutting down
2026/02/08 21:26:36 [notice] 25#25: exiting
2026/02/08 21:26:36 [notice] 31#31: gracefully shutting down
2026/02/08 21:26:36 [notice] 24#24: exiting
2026/02/08 21:26:36 [notice] 29#29: exiting
2026/02/08 21:26:36 [notice] 33#33: gracefully shutting down
2026/02/08 21:26:36 [notice] 31#31: exiting
2026/02/08 21:26:36 [notice] 20#20: gracefully shutting down
2026/02/08 21:26:36 [notice] 33#33: exiting
2026/02/08 21:26:36 [notice] 25#25: exit
2026/02/08 21:26:36 [notice] 21#21: exit
2026/02/08 21:26:36 [notice] 35#35: gracefully shutting down
2026/02/08 21:26:36 [notice] 31#31: exit
2026/02/08 21:26:36 [notice] 29#29: exit
2026/02/08 21:26:36 [notice] 35#35: exiting
2026/02/08 21:26:36 [notice] 26#26: gracefully shutting down
2026/02/08 21:26:36 [notice] 33#33: exit
2026/02/08 21:26:36 [notice] 23#23: exiting
2026/02/08 21:26:36 [notice] 24#24: exit
2026/02/08 21:26:36 [notice] 26#26: exiting
2026/02/08 21:26:36 [notice] 20#20: exiting
2026/02/08 21:26:36 [notice] 35#35: exit
2026/02/08 21:26:36 [notice] 23#23: exit
2026/02/08 21:26:36 [notice] 26#26: exit
2026/02/08 21:26:36 [notice] 20#20: exit
2026/02/08 21:26:36 [notice] 28#28: gracefully shutting down
2026/02/08 21:26:36 [notice] 28#28: exiting
2026/02/08 21:26:36 [notice] 28#28: exit
2026/02/08 21:26:36 [notice] 27#27: gracefully shutting down
2026/02/08 21:26:36 [notice] 30#30: gracefully shutting down
2026/02/08 21:26:36 [notice] 30#30: exiting
2026/02/08 21:26:36 [notice] 27#27: exiting
2026/02/08 21:26:36 [notice] 32#32: gracefully shutting down
2026/02/08 21:26:36 [notice] 30#30: exit
2026/02/08 21:26:36 [notice] 32#32: exiting
2026/02/08 21:26:36 [notice] 27#27: exit
2026/02/08 21:26:36 [notice] 32#32: exit
2026/02/08 21:26:36 [notice] 34#34: gracefully shutting down
2026/02/08 21:26:36 [notice] 34#34: exiting
2026/02/08 21:26:36 [notice] 34#34: exit
2026/02/08 21:26:36 [notice] 1#1: signal 17 (SIGCHLD) received from 35
2026/02/08 21:26:36 [notice] 1#1: worker process 23 exited with code 0
2026/02/08 21:26:36 [notice] 1#1: worker process 29 exited with code 0
2026/02/08 21:26:36 [notice] 1#1: worker process 35 exited with code 0
2026/02/08 21:26:36 [notice] 1#1: signal 29 (SIGIO) received
2026/02/08 21:26:36 [notice] 1#1: signal 17 (SIGCHLD) received from 29
2026/02/08 21:26:36 [notice] 1#1: worker process 30 exited with code 0
2026/02/08 21:26:36 [notice] 1#1: worker process 33 exited with code 0
2026/02/08 21:26:36 [notice] 1#1: signal 29 (SIGIO) received
2026/02/08 21:26:36 [notice] 1#1: signal 17 (SIGCHLD) received from 30
2026/02/08 21:26:36 [notice] 1#1: worker process 26 exited with code 0
2026/02/08 21:26:36 [notice] 1#1: worker process 27 exited with code 0
2026/02/08 21:26:36 [notice] 1#1: worker process 28 exited with code 0
2026/02/08 21:26:36 [notice] 1#1: worker process 32 exited with code 0
2026/02/08 21:26:36 [notice] 1#1: signal 29 (SIGIO) received
2026/02/08 21:26:36 [notice] 1#1: signal 17 (SIGCHLD) received from 31
2026/02/08 21:26:36 [notice] 1#1: worker process 31 exited with code 0
2026/02/08 21:26:36 [notice] 1#1: signal 29 (SIGIO) received
2026/02/08 21:26:36 [notice] 1#1: signal 17 (SIGCHLD) received from 21
2026/02/08 21:26:36 [notice] 1#1: worker process 21 exited with code 0
2026/02/08 21:26:36 [notice] 1#1: worker process 25 exited with code 0
2026/02/08 21:26:36 [notice] 1#1: signal 29 (SIGIO) received
2026/02/08 21:26:36 [notice] 1#1: signal 17 (SIGCHLD) received from 24
2026/02/08 21:26:36 [notice] 1#1: worker process 24 exited with code 0
2026/02/08 21:26:36 [notice] 1#1: signal 29 (SIGIO) received
2026/02/08 21:26:36 [notice] 1#1: signal 17 (SIGCHLD) received from 34
2026/02/08 21:26:36 [notice] 1#1: worker process 34 exited with code 0
2026/02/08 21:26:36 [notice] 1#1: signal 29 (SIGIO) received
2026/02/08 21:26:36 [notice] 1#1: signal 17 (SIGCHLD) received from 20
2026/02/08 21:26:36 [notice] 1#1: worker process 20 exited with code 0
2026/02/08 21:26:36 [notice] 1#1: signal 29 (SIGIO) received
2026/02/08 21:26:38 [notice] 22#22: exiting
2026/02/08 21:26:38 [notice] 22#22: exit
2026/02/08 21:26:38 [notice] 1#1: signal 17 (SIGCHLD) received from 22
2026/02/08 21:26:38 [notice] 1#1: worker process 22 exited with code 0
2026/02/08 21:26:38 [notice] 1#1: exit
2026/02/08 21:33:44 [notice] 1#1: using the "epoll" event method
2026/02/08 21:33:44 [notice] 1#1: nginx/1.29.5
2026/02/08 21:33:44 [notice] 1#1: built by gcc 14.2.0 (Debian 14.2.0-19) 
2026/02/08 21:33:44 [notice] 1#1: OS: Linux 6.17.10-100.fc41.x86_64
2026/02/08 21:33:44 [notice] 1#1: getrlimit(RLIMIT_NOFILE): 1024:524288
2026/02/08 21:33:44 [notice] 1#1: start worker processes
2026/02/08 21:33:44 [notice] 1#1: start worker process 20
2026/02/08 21:33:44 [notice] 1#1: start worker process 21
2026/02/08 21:33:44 [notice] 1#1: start worker process 22
2026/02/08 21:33:44 [notice] 1#1: start worker process 23
2026/02/08 21:33:44 [notice] 1#1: start worker process 24
2026/02/08 21:33:44 [notice] 1#1: start worker process 25
2026/02/08 21:33:44 [notice] 1#1: start worker process 26
2026/02/08 21:33:44 [notice] 1#1: start worker process 27
2026/02/08 21:33:44 [notice] 1#1: start worker process 28
2026/02/08 21:33:44 [notice] 1#1: start worker process 29
2026/02/08 21:33:44 [notice] 1#1: start worker process 30
2026/02/08 21:33:44 [notice] 1#1: start worker process 31
2026/02/08 21:33:44 [notice] 1#1: start worker process 32
2026/02/08 21:33:44 [notice] 1#1: start worker process 33
2026/02/08 21:33:44 [notice] 1#1: start worker process 34
2026/02/08 21:33:44 [notice] 1#1: start worker process 35
2026/02/08 21:35:40 [notice] 1#1: signal 3 (SIGQUIT) received, shutting down
2026/02/08 21:35:40 [notice] 20#20: gracefully shutting down
2026/02/08 21:35:40 [notice] 21#21: gracefully shutting down
2026/02/08 21:35:40 [notice] 22#22: gracefully shutting down
2026/02/08 21:35:40 [notice] 23#23: gracefully shutting down
2026/02/08 21:35:40 [notice] 25#25: gracefully shutting down
2026/02/08 21:35:40 [notice] 24#24: gracefully shutting down
2026/02/08 21:35:40 [notice] 20#20: exiting
2026/02/08 21:35:40 [notice] 21#21: exiting
2026/02/08 21:35:40 [notice] 30#30: gracefully shutting down
2026/02/08 21:35:40 [notice] 23#23: exiting
2026/02/08 21:35:40 [notice] 31#31: gracefully shutting down
2026/02/08 21:35:40 [notice] 26#26: gracefully shutting down
2026/02/08 21:35:40 [notice] 25#25: exiting
2026/02/08 21:35:40 [notice] 24#24: exiting
2026/02/08 21:35:40 [notice] 29#29: gracefully shutting down
2026/02/08 21:35:40 [notice] 30#30: exiting
2026/02/08 21:35:40 [notice] 31#31: exiting
2026/02/08 21:35:40 [notice] 26#26: exiting
2026/02/08 21:35:40 [notice] 29#29: exiting
2026/02/08 21:35:40 [notice] 21#21: exit
2026/02/08 21:35:40 [notice] 20#20: exit
2026/02/08 21:35:40 [notice] 23#23: exit
2026/02/08 21:35:40 [notice] 25#25: exit
2026/02/08 21:35:40 [notice] 24#24: exit
2026/02/08 21:35:40 [notice] 30#30: exit
2026/02/08 21:35:40 [notice] 26#26: exit
2026/02/08 21:35:40 [notice] 29#29: exit
2026/02/08 21:35:40 [notice] 31#31: exit
2026/02/08 21:35:40 [notice] 22#22: exiting
2026/02/08 21:35:40 [notice] 27#27: gracefully shutting down
2026/02/08 21:35:40 [notice] 33#33: gracefully shutting down
2026/02/08 21:35:40 [notice] 34#34: gracefully shutting down
2026/02/08 21:35:40 [notice] 32#32: gracefully shutting down
2026/02/08 21:35:40 [notice] 28#28: gracefully shutting down
2026/02/08 21:35:40 [notice] 35#35: gracefully shutting down
2026/02/08 21:35:40 [notice] 27#27: exiting
2026/02/08 21:35:40 [notice] 34#34: exiting
2026/02/08 21:35:40 [notice] 33#33: exiting
2026/02/08 21:35:40 [notice] 32#32: exiting
2026/02/08 21:35:40 [notice] 28#28: exiting
2026/02/08 21:35:40 [notice] 22#22: exit
2026/02/08 21:35:40 [notice] 34#34: exit
2026/02/08 21:35:40 [notice] 27#27: exit
2026/02/08 21:35:40 [notice] 35#35: exiting
2026/02/08 21:35:40 [notice] 33#33: exit
2026/02/08 21:35:40 [notice] 32#32: exit
2026/02/08 21:35:40 [notice] 28#28: exit
2026/02/08 21:35:40 [notice] 35#35: exit
2026/02/08 21:35:40 [notice] 1#1: signal 17 (SIGCHLD) received from 24
2026/02/08 21:35:40 [notice] 1#1: worker process 24 exited with code 0
2026/02/08 21:35:40 [notice] 1#1: signal 29 (SIGIO) received
2026/02/08 21:35:40 [notice] 1#1: signal 17 (SIGCHLD) received from 23
2026/02/08 21:35:40 [notice] 1#1: worker process 20 exited with code 0
2026/02/08 21:35:40 [notice] 1#1: worker process 23 exited with code 0
2026/02/08 21:35:40 [notice] 1#1: signal 29 (SIGIO) received
2026/02/08 21:35:40 [notice] 1#1: signal 17 (SIGCHLD) received from 28
2026/02/08 21:35:40 [notice] 1#1: worker process 28 exited with code 0
2026/02/08 21:35:40 [notice] 1#1: signal 29 (SIGIO) received
2026/02/08 21:35:40 [notice] 1#1: signal 17 (SIGCHLD) received from 32
2026/02/08 21:35:40 [notice] 1#1: worker process 32 exited with code 0
2026/02/08 21:35:40 [notice] 1#1: signal 29 (SIGIO) received
2026/02/08 21:35:40 [notice] 1#1: signal 17 (SIGCHLD) received from 25
2026/02/08 21:35:40 [notice] 1#1: worker process 25 exited with code 0
2026/02/08 21:35:40 [notice] 1#1: signal 29 (SIGIO) received
2026/02/08 21:35:40 [notice] 1#1: signal 17 (SIGCHLD) received from 31
2026/02/08 21:35:40 [notice] 1#1: worker process 29 exited with code 0
2026/02/08 21:35:40 [notice] 1#1: worker process 31 exited with code 0
2026/02/08 21:35:40 [notice] 1#1: signal 29 (SIGIO) received
2026/02/08 21:35:40 [notice] 1#1: signal 17 (SIGCHLD) received from 33
2026/02/08 21:35:40 [notice] 1#1: worker process 33 exited with code 0
2026/02/08 21:35:40 [notice] 1#1: worker process 35 exited with code 0
2026/02/08 21:35:40 [notice] 1#1: signal 29 (SIGIO) received
2026/02/08 21:35:40 [notice] 1#1: signal 17 (SIGCHLD) received from 30
2026/02/08 21:35:40 [notice] 1#1: worker process 30 exited with code 0
2026/02/08 21:35:40 [notice] 1#1: signal 29 (SIGIO) received
2026/02/08 21:35:40 [notice] 1#1: signal 17 (SIGCHLD) received from 22
2026/02/08 21:35:40 [notice] 1#1: worker process 22 exited with code 0
2026/02/08 21:35:40 [notice] 1#1: signal 29 (SIGIO) received
2026/02/08 21:35:40 [notice] 1#1: signal 17 (SIGCHLD) received from 21
2026/02/08 21:35:40 [notice] 1#1: worker process 21 exited with code 0
2026/02/08 21:35:40 [notice] 1#1: signal 29 (SIGIO) received
2026/02/08 21:35:40 [notice] 1#1: signal 17 (SIGCHLD) received from 27
2026/02/08 21:35:40 [notice] 1#1: worker process 27 exited with code 0
2026/02/08 21:35:40 [notice] 1#1: worker process 34 exited with code 0
2026/02/08 21:35:40 [notice] 1#1: signal 29 (SIGIO) received
2026/02/08 21:35:40 [notice] 1#1: signal 17 (SIGCHLD) received from 26
2026/02/08 21:35:40 [notice] 1#1: worker process 26 exited with code 0
2026/02/08 21:35:40 [notice] 1#1: exit
2026/02/08 21:36:02 [notice] 1#1: using the "epoll" event method
2026/02/08 21:36:02 [notice] 1#1: nginx/1.29.5
2026/02/08 21:36:02 [notice] 1#1: built by gcc 14.2.0 (Debian 14.2.0-19) 
2026/02/08 21:36:02 [notice] 1#1: OS: Linux 6.17.10-100.fc41.x86_64
2026/02/08 21:36:02 [notice] 1#1: getrlimit(RLIMIT_NOFILE): 1024:524288
2026/02/08 21:36:02 [notice] 1#1: start worker processes
2026/02/08 21:36:02 [notice] 1#1: start worker process 20
2026/02/08 21:36:02 [notice] 1#1: start worker process 21
2026/02/08 21:36:02 [notice] 1#1: start worker process 22
2026/02/08 21:36:02 [notice] 1#1: start worker process 23
2026/02/08 21:36:02 [notice] 1#1: start worker process 24
2026/02/08 21:36:02 [notice] 1#1: start worker process 25
2026/02/08 21:36:02 [notice] 1#1: start worker process 26
2026/02/08 21:36:02 [notice] 1#1: start worker process 27
2026/02/08 21:36:02 [notice] 1#1: start worker process 28
2026/02/08 21:36:02 [notice] 1#1: start worker process 29
2026/02/08 21:36:02 [notice] 1#1: start worker process 30
2026/02/08 21:36:02 [notice] 1#1: start worker process 31
2026/02/08 21:36:02 [notice] 1#1: start worker process 32
2026/02/08 21:36:02 [notice] 1#1: start worker process 33
2026/02/08 21:36:02 [notice] 1#1: start worker process 34
2026/02/08 21:36:02 [notice] 1#1: start worker process 35
2026/02/08 21:38:21 [notice] 1#1: signal 3 (SIGQUIT) received, shutting down
2026/02/08 21:38:21 [notice] 20#20: gracefully shutting down
2026/02/08 21:38:21 [notice] 23#23: gracefully shutting down
2026/02/08 21:38:21 [notice] 21#21: gracefully shutting down
2026/02/08 21:38:21 [notice] 24#24: gracefully shutting down
2026/02/08 21:38:21 [notice] 26#26: gracefully shutting down
2026/02/08 21:38:21 [notice] 20#20: exiting
2026/02/08 21:38:21 [notice] 25#25: gracefully shutting down
2026/02/08 21:38:21 [notice] 22#22: gracefully shutting down
2026/02/08 21:38:21 [notice] 23#23: exiting
2026/02/08 21:38:21 [notice] 21#21: exiting
2026/02/08 21:38:21 [notice] 24#24: exiting
2026/02/08 21:38:21 [notice] 26#26: exiting
2026/02/08 21:38:21 [notice] 27#27: gracefully shutting down
2026/02/08 21:38:21 [notice] 33#33: gracefully shutting down
2026/02/08 21:38:21 [notice] 25#25: exiting
2026/02/08 21:38:21 [notice] 22#22: exiting
2026/02/08 21:38:21 [notice] 27#27: exiting
2026/02/08 21:38:21 [notice] 33#33: exiting
2026/02/08 21:38:21 [notice] 20#20: exit
2026/02/08 21:38:21 [notice] 23#23: exit
2026/02/08 21:38:21 [notice] 21#21: exit
2026/02/08 21:38:21 [notice] 26#26: exit
2026/02/08 21:38:21 [notice] 24#24: exit
2026/02/08 21:38:21 [notice] 27#27: exit
2026/02/08 21:38:21 [notice] 33#33: exit
2026/02/08 21:38:21 [notice] 30#30: gracefully shutting down
2026/02/08 21:38:21 [notice] 25#25: exit
2026/02/08 21:38:21 [notice] 22#22: exit
2026/02/08 21:38:21 [notice] 30#30: exiting
2026/02/08 21:38:21 [notice] 30#30: exit
2026/02/08 21:38:21 [notice] 28#28: gracefully shutting down
2026/02/08 21:38:21 [notice] 34#34: gracefully shutting down
2026/02/08 21:38:21 [notice] 31#31: gracefully shutting down
2026/02/08 21:38:21 [notice] 29#29: gracefully shutting down
2026/02/08 21:38:21 [notice] 28#28: exiting
2026/02/08 21:38:21 [notice] 34#34: exiting
2026/02/08 21:38:21 [notice] 31#31: exiting
2026/02/08 21:38:21 [notice] 29#29: exiting
2026/02/08 21:38:21 [notice] 35#35: gracefully shutting down
2026/02/08 21:38:21 [notice] 29#29: exit
2026/02/08 21:38:21 [notice] 34#34: exit
2026/02/08 21:38:21 [notice] 31#31: exit
2026/02/08 21:38:21 [notice] 28#28: exit
2026/02/08 21:38:21 [notice] 35#35: exiting
2026/02/08 21:38:21 [notice] 32#32: gracefully shutting down
2026/02/08 21:38:21 [notice] 35#35: exit
2026/02/08 21:38:21 [notice] 32#32: exiting
2026/02/08 21:38:21 [notice] 32#32: exit
2026/02/08 21:38:21 [notice] 1#1: signal 17 (SIGCHLD) received from 28
2026/02/08 21:38:21 [notice] 1#1: worker process 24 exited with code 0
2026/02/08 21:38:21 [notice] 1#1: worker process 28 exited with code 0
2026/02/08 21:38:21 [notice] 1#1: worker process 30 exited with code 0
2026/02/08 21:38:21 [notice] 1#1: signal 29 (SIGIO) received
2026/02/08 21:38:21 [notice] 1#1: signal 17 (SIGCHLD) received from 21
2026/02/08 21:38:21 [notice] 1#1: worker process 21 exited with code 0
2026/02/08 21:38:21 [notice] 1#1: signal 29 (SIGIO) received
2026/02/08 21:38:21 [notice] 1#1: signal 17 (SIGCHLD) received from 20
2026/02/08 21:38:21 [notice] 1#1: worker process 20 exited with code 0
2026/02/08 21:38:21 [notice] 1#1: signal 29 (SIGIO) received
2026/02/08 21:38:21 [notice] 1#1: signal 17 (SIGCHLD) received from 23
2026/02/08 21:38:21 [notice] 1#1: worker process 23 exited with code 0
2026/02/08 21:38:21 [notice] 1#1: signal 29 (SIGIO) received
2026/02/08 21:38:21 [notice] 1#1: signal 17 (SIGCHLD) received from 34
2026/02/08 21:38:21 [notice] 1#1: worker process 34 exited with code 0
2026/02/08 21:38:21 [notice] 1#1: signal 29 (SIGIO) received
2026/02/08 21:38:21 [notice] 1#1: signal 17 (SIGCHLD) received from 29
2026/02/08 21:38:21 [notice] 1#1: worker process 29 exited with code 0
2026/02/08 21:38:21 [notice] 1#1: signal 29 (SIGIO) received
2026/02/08 21:38:21 [notice] 1#1: signal 17 (SIGCHLD) received from 26
2026/02/08 21:38:21 [notice] 1#1: worker process 26 exited with code 0
2026/02/08 21:38:21 [notice] 1#1: signal 29 (SIGIO) received
2026/02/08 21:38:21 [notice] 1#1: signal 17 (SIGCHLD) received from 22
2026/02/08 21:38:21 [notice] 1#1: worker process 22 exited with code 0
2026/02/08 21:38:21 [notice] 1#1: worker process 25 exited with code 0
2026/02/08 21:38:21 [notice] 1#1: signal 29 (SIGIO) received
2026/02/08 21:38:21 [notice] 1#1: signal 17 (SIGCHLD) received from 27
2026/02/08 21:38:21 [notice] 1#1: worker process 27 exited with code 0
2026/02/08 21:38:21 [notice] 1#1: signal 29 (SIGIO) received
2026/02/08 21:38:21 [notice] 1#1: signal 17 (SIGCHLD) received from 33
2026/02/08 21:38:21 [notice] 1#1: worker process 33 exited with code 0
2026/02/08 21:38:21 [notice] 1#1: signal 29 (SIGIO) received
2026/02/08 21:38:21 [notice] 1#1: signal 17 (SIGCHLD) received from 35
2026/02/08 21:38:21 [notice] 1#1: worker process 32 exited with code 0
2026/02/08 21:38:21 [notice] 1#1: worker process 35 exited with code 0
2026/02/08 21:38:21 [notice] 1#1: signal 29 (SIGIO) received
2026/02/08 21:38:21 [notice] 1#1: signal 17 (SIGCHLD) received from 31
2026/02/08 21:38:21 [notice] 1#1: worker process 31 exited with code 0
2026/02/08 21:38:21 [notice] 1#1: exit
2026/02/08 21:41:49 [notice] 1#1: using the "epoll" event method
2026/02/08 21:41:49 [notice] 1#1: nginx/1.29.5
2026/02/08 21:41:49 [notice] 1#1: built by gcc 14.2.0 (Debian 14.2.0-19) 
2026/02/08 21:41:49 [notice] 1#1: OS: Linux 6.17.10-100.fc41.x86_64
2026/02/08 21:41:49 [notice] 1#1: getrlimit(RLIMIT_NOFILE): 1024:524288
2026/02/08 21:41:49 [notice] 1#1: start worker processes
2026/02/08 21:41:49 [notice] 1#1: start worker process 20
2026/02/08 21:41:49 [notice] 1#1: start worker process 21
2026/02/08 21:41:49 [notice] 1#1: start worker process 22
2026/02/08 21:41:49 [notice] 1#1: start worker process 23
2026/02/08 21:41:49 [notice] 1#1: start worker process 24
2026/02/08 21:41:49 [notice] 1#1: start worker process 25
2026/02/08 21:41:49 [notice] 1#1: start worker process 26
2026/02/08 21:41:49 [notice] 1#1: start worker process 27
2026/02/08 21:41:49 [notice] 1#1: start worker process 28
2026/02/08 21:41:49 [notice] 1#1: start worker process 29
2026/02/08 21:41:49 [notice] 1#1: start worker process 30
2026/02/08 21:41:49 [notice] 1#1: start worker process 31
2026/02/08 21:41:49 [notice] 1#1: start worker process 32
2026/02/08 21:41:49 [notice] 1#1: start worker process 33
2026/02/08 21:41:49 [notice] 1#1: start worker process 34
2026/02/08 21:41:49 [notice] 1#1: start worker process 35
2026/02/08 21:43:44 [notice] 1#1: signal 3 (SIGQUIT) received, shutting down
2026/02/08 21:43:44 [notice] 21#21: gracefully shutting down
2026/02/08 21:43:44 [notice] 20#20: gracefully shutting down
2026/02/08 21:43:44 [notice] 22#22: gracefully shutting down
2026/02/08 21:43:44 [notice] 23#23: gracefully shutting down
2026/02/08 21:43:44 [notice] 24#24: gracefully shutting down
2026/02/08 21:43:44 [notice] 26#26: gracefully shutting down
2026/02/08 21:43:44 [notice] 27#27: gracefully shutting down
2026/02/08 21:43:44 [notice] 21#21: exiting
2026/02/08 21:43:44 [notice] 20#20: exiting
2026/02/08 21:43:44 [notice] 22#22: exiting
2026/02/08 21:43:44 [notice] 23#23: exiting
2026/02/08 21:43:44 [notice] 24#24: exiting
2026/02/08 21:43:44 [notice] 26#26: exiting
2026/02/08 21:43:44 [notice] 27#27: exiting
2026/02/08 21:43:44 [notice] 25#25: gracefully shutting down
2026/02/08 21:43:44 [notice] 30#30: gracefully shutting down
2026/02/08 21:43:44 [notice] 35#35: gracefully shutting down
2026/02/08 21:43:44 [notice] 25#25: exiting
2026/02/08 21:43:44 [notice] 30#30: exiting
2026/02/08 21:43:44 [notice] 28#28: gracefully shutting down
2026/02/08 21:43:44 [notice] 22#22: exit
2026/02/08 21:43:44 [notice] 26#26: exit
2026/02/08 21:43:44 [notice] 24#24: exit
2026/02/08 21:43:44 [notice] 27#27: exit
2026/02/08 21:43:44 [notice] 23#23: exit
2026/02/08 21:43:44 [notice] 35#35: exiting
2026/02/08 21:43:44 [notice] 31#31: gracefully shutting down
2026/02/08 21:43:44 [notice] 21#21: exit
2026/02/08 21:43:44 [notice] 28#28: exiting
2026/02/08 21:43:44 [notice] 30#30: exit
2026/02/08 21:43:44 [notice] 25#25: exit
2026/02/08 21:43:44 [notice] 31#31: exiting
2026/02/08 21:43:44 [notice] 35#35: exit
2026/02/08 21:43:44 [notice] 28#28: exit
2026/02/08 21:43:44 [notice] 31#31: exit
2026/02/08 21:43:44 [notice] 34#34: gracefully shutting down
2026/02/08 21:43:44 [notice] 34#34: exiting
2026/02/08 21:43:44 [notice] 34#34: exit
2026/02/08 21:43:44 [notice] 33#33: gracefully shutting down
2026/02/08 21:43:44 [notice] 29#29: gracefully shutting down
2026/02/08 21:43:44 [notice] 32#32: gracefully shutting down
2026/02/08 21:43:44 [notice] 20#20: exit
2026/02/08 21:43:44 [notice] 33#33: exiting
2026/02/08 21:43:44 [notice] 29#29: exiting
2026/02/08 21:43:44 [notice] 32#32: exiting
2026/02/08 21:43:44 [notice] 33#33: exit
2026/02/08 21:43:44 [notice] 29#29: exit
2026/02/08 21:43:44 [notice] 32#32: exit
2026/02/08 21:43:44 [notice] 1#1: signal 17 (SIGCHLD) received from 21
2026/02/08 21:43:44 [notice] 1#1: worker process 21 exited with code 0
2026/02/08 21:43:44 [notice] 1#1: signal 29 (SIGIO) received
2026/02/08 21:43:44 [notice] 1#1: signal 17 (SIGCHLD) received from 24
2026/02/08 21:43:44 [notice] 1#1: worker process 24 exited with code 0
2026/02/08 21:43:44 [notice] 1#1: worker process 20 exited with code 0
2026/02/08 21:43:44 [notice] 1#1: worker process 27 exited with code 0
2026/02/08 21:43:44 [notice] 1#1: worker process 30 exited with code 0
2026/02/08 21:43:44 [notice] 1#1: worker process 34 exited with code 0
2026/02/08 21:43:44 [notice] 1#1: worker process 35 exited with code 0
2026/02/08 21:43:44 [notice] 1#1: signal 29 (SIGIO) received
2026/02/08 21:43:44 [notice] 1#1: signal 17 (SIGCHLD) received from 34
2026/02/08 21:43:44 [notice] 1#1: worker process 22 exited with code 0
2026/02/08 21:43:44 [notice] 1#1: worker process 23 exited with code 0
2026/02/08 21:43:44 [notice] 1#1: signal 29 (SIGIO) received
2026/02/08 21:43:44 [notice] 1#1: signal 17 (SIGCHLD) received from 22
2026/02/08 21:43:44 [notice] 1#1: signal 17 (SIGCHLD) received from 29
2026/02/08 21:43:44 [notice] 1#1: worker process 29 exited with code 0
2026/02/08 21:43:44 [notice] 1#1: worker process 32 exited with code 0
2026/02/08 21:43:44 [notice] 1#1: signal 29 (SIGIO) received
2026/02/08 21:43:44 [notice] 1#1: signal 17 (SIGCHLD) received from 32
2026/02/08 21:43:44 [notice] 1#1: worker process 28 exited with code 0
2026/02/08 21:43:44 [notice] 1#1: signal 29 (SIGIO) received
2026/02/08 21:43:44 [notice] 1#1: signal 17 (SIGCHLD) received from 28
2026/02/08 21:43:44 [notice] 1#1: signal 17 (SIGCHLD) received from 31
2026/02/08 21:43:44 [notice] 1#1: worker process 26 exited with code 0
2026/02/08 21:43:44 [notice] 1#1: worker process 31 exited with code 0
2026/02/08 21:43:44 [notice] 1#1: signal 29 (SIGIO) received
2026/02/08 21:43:44 [notice] 1#1: signal 17 (SIGCHLD) received from 33
2026/02/08 21:43:44 [notice] 1#1: worker process 33 exited with code 0
2026/02/08 21:43:44 [notice] 1#1: signal 29 (SIGIO) received
2026/02/08 21:43:44 [notice] 1#1: signal 17 (SIGCHLD) received from 25
2026/02/08 21:43:44 [notice] 1#1: worker process 25 exited with code 0
2026/02/08 21:43:44 [notice] 1#1: exit
2026/02/08 21:44:52 [notice] 1#1: using the "epoll" event method
2026/02/08 21:44:52 [notice] 1#1: nginx/1.29.5
2026/02/08 21:44:52 [notice] 1#1: built by gcc 14.2.0 (Debian 14.2.0-19) 
2026/02/08 21:44:52 [notice] 1#1: OS: Linux 6.17.10-100.fc41.x86_64
2026/02/08 21:44:52 [notice] 1#1: getrlimit(RLIMIT_NOFILE): 1024:524288
2026/02/08 21:44:52 [notice] 1#1: start worker processes
2026/02/08 21:44:52 [notice] 1#1: start worker process 20
2026/02/08 21:44:52 [notice] 1#1: start worker process 21
2026/02/08 21:44:52 [notice] 1#1: start worker process 22
2026/02/08 21:44:52 [notice] 1#1: start worker process 23
2026/02/08 21:44:52 [notice] 1#1: start worker process 24
2026/02/08 21:44:52 [notice] 1#1: start worker process 25
2026/02/08 21:44:52 [notice] 1#1: start worker process 26
2026/02/08 21:44:52 [notice] 1#1: start worker process 27
2026/02/08 21:44:52 [notice] 1#1: start worker process 28
2026/02/08 21:44:52 [notice] 1#1: start worker process 29
2026/02/08 21:44:52 [notice] 1#1: start worker process 30
2026/02/08 21:44:52 [notice] 1#1: start worker process 31
2026/02/08 21:44:52 [notice] 1#1: start worker process 32
2026/02/08 21:44:52 [notice] 1#1: start worker process 33
2026/02/08 21:44:52 [notice] 1#1: start worker process 34
2026/02/08 21:44:52 [notice] 1#1: start worker process 35
2026/02/08 21:44:59 [notice] 1#1: signal 3 (SIGQUIT) received, shutting down
2026/02/08 21:44:59 [notice] 21#21: gracefully shutting down
2026/02/08 21:44:59 [notice] 20#20: gracefully shutting down
2026/02/08 21:44:59 [notice] 22#22: gracefully shutting down
2026/02/08 21:44:59 [notice] 26#26: gracefully shutting down
2026/02/08 21:44:59 [notice] 23#23: gracefully shutting down
2026/02/08 21:44:59 [notice] 24#24: gracefully shutting down
2026/02/08 21:44:59 [notice] 21#21: exiting
2026/02/08 21:44:59 [notice] 20#20: exiting
2026/02/08 21:44:59 [notice] 22#22: exiting
2026/02/08 21:44:59 [notice] 26#26: exiting
2026/02/08 21:44:59 [notice] 25#25: gracefully shutting down
2026/02/08 21:44:59 [notice] 23#23: exiting
2026/02/08 21:44:59 [notice] 34#34: gracefully shutting down
2026/02/08 21:44:59 [notice] 27#27: gracefully shutting down
2026/02/08 21:44:59 [notice] 24#24: exiting
2026/02/08 21:44:59 [notice] 25#25: exiting
2026/02/08 21:44:59 [notice] 34#34: exiting
2026/02/08 21:44:59 [notice] 35#35: gracefully shutting down
2026/02/08 21:44:59 [notice] 27#27: exiting
2026/02/08 21:44:59 [notice] 26#26: exit
2026/02/08 21:44:59 [notice] 20#20: exit
2026/02/08 21:44:59 [notice] 35#35: exiting
2026/02/08 21:44:59 [notice] 21#21: exit
2026/02/08 21:44:59 [notice] 22#22: exit
2026/02/08 21:44:59 [notice] 23#23: exit
2026/02/08 21:44:59 [notice] 24#24: exit
2026/02/08 21:44:59 [notice] 34#34: exit
2026/02/08 21:44:59 [notice] 27#27: exit
2026/02/08 21:44:59 [notice] 25#25: exit
2026/02/08 21:44:59 [notice] 35#35: exit
2026/02/08 21:44:59 [notice] 29#29: gracefully shutting down
2026/02/08 21:44:59 [notice] 29#29: exiting
2026/02/08 21:44:59 [notice] 28#28: gracefully shutting down
2026/02/08 21:44:59 [notice] 28#28: exiting
2026/02/08 21:44:59 [notice] 28#28: exit
2026/02/08 21:44:59 [notice] 29#29: exit
2026/02/08 21:44:59 [notice] 32#32: gracefully shutting down
2026/02/08 21:44:59 [notice] 31#31: gracefully shutting down
2026/02/08 21:44:59 [notice] 32#32: exiting
2026/02/08 21:44:59 [notice] 31#31: exiting
2026/02/08 21:44:59 [notice] 32#32: exit
2026/02/08 21:44:59 [notice] 31#31: exit
2026/02/08 21:44:59 [notice] 33#33: gracefully shutting down
2026/02/08 21:44:59 [notice] 33#33: exiting
2026/02/08 21:44:59 [notice] 33#33: exit
2026/02/08 21:44:59 [notice] 30#30: gracefully shutting down
2026/02/08 21:44:59 [notice] 30#30: exiting
2026/02/08 21:44:59 [notice] 30#30: exit
2026/02/08 21:44:59 [notice] 1#1: signal 17 (SIGCHLD) received from 25
2026/02/08 21:44:59 [notice] 1#1: worker process 25 exited with code 0
2026/02/08 21:44:59 [notice] 1#1: worker process 26 exited with code 0
2026/02/08 21:44:59 [notice] 1#1: signal 29 (SIGIO) received
2026/02/08 21:44:59 [notice] 1#1: signal 17 (SIGCHLD) received from 26
2026/02/08 21:44:59 [notice] 1#1: worker process 21 exited with code 0
2026/02/08 21:44:59 [notice] 1#1: worker process 24 exited with code 0
2026/02/08 21:44:59 [notice] 1#1: signal 29 (SIGIO) received
2026/02/08 21:44:59 [notice] 1#1: signal 17 (SIGCHLD) received from 29
2026/02/08 21:44:59 [notice] 1#1: worker process 29 exited with code 0
2026/02/08 21:44:59 [notice] 1#1: signal 29 (SIGIO) received
2026/02/08 21:44:59 [notice] 1#1: signal 17 (SIGCHLD) received from 32
2026/02/08 21:44:59 [notice] 1#1: worker process 32 exited with code 0
2026/02/08 21:44:59 [notice] 1#1: signal 29 (SIGIO) received
2026/02/08 21:44:59 [notice] 1#1: signal 17 (SIGCHLD) received from 31
2026/02/08 21:44:59 [notice] 1#1: worker process 31 exited with code 0
2026/02/08 21:44:59 [notice] 1#1: signal 29 (SIGIO) received
2026/02/08 21:44:59 [notice] 1#1: signal 17 (SIGCHLD) received from 34
2026/02/08 21:44:59 [notice] 1#1: worker process 34 exited with code 0
2026/02/08 21:44:59 [notice] 1#1: signal 29 (SIGIO) received
2026/02/08 21:44:59 [notice] 1#1: signal 17 (SIGCHLD) received from 27
2026/02/08 21:44:59 [notice] 1#1: worker process 27 exited with code 0
2026/02/08 21:44:59 [notice] 1#1: signal 29 (SIGIO) received
2026/02/08 21:44:59 [notice] 1#1: signal 17 (SIGCHLD) received from 35
2026/02/08 21:44:59 [notice] 1#1: worker process 35 exited with code 0
2026/02/08 21:44:59 [notice] 1#1: signal 29 (SIGIO) received
2026/02/08 21:44:59 [notice] 1#1: signal 17 (SIGCHLD) received from 20
2026/02/08 21:44:59 [notice] 1#1: worker process 20 exited with code 0
2026/02/08 21:44:59 [notice] 1#1: worker process 28 exited with code 0
2026/02/08 21:44:59 [notice] 1#1: signal 29 (SIGIO) received
2026/02/08 21:44:59 [notice] 1#1: signal 17 (SIGCHLD) received from 28
2026/02/08 21:44:59 [notice] 1#1: signal 17 (SIGCHLD) received from 33
2026/02/08 21:44:59 [notice] 1#1: worker process 33 exited with code 0
2026/02/08 21:44:59 [notice] 1#1: signal 29 (SIGIO) received
2026/02/08 21:44:59 [notice] 1#1: signal 17 (SIGCHLD) received from 23
2026/02/08 21:44:59 [notice] 1#1: worker process 23 exited with code 0
2026/02/08 21:44:59 [notice] 1#1: signal 29 (SIGIO) received
2026/02/08 21:44:59 [notice] 1#1: signal 17 (SIGCHLD) received from 22
2026/02/08 21:44:59 [notice] 1#1: worker process 22 exited with code 0
2026/02/08 21:44:59 [notice] 1#1: signal 17 (SIGCHLD) received from 30
2026/02/08 21:44:59 [notice] 1#1: worker process 30 exited with code 0
2026/02/08 21:44:59 [notice] 1#1: exit
